1733375223548	geckodriver	INFO	Listening on 127.0.0.1:53792
1733375226640	mozrunner::runner	INFO	Running command: "C:\\Program Files\\Mozilla Firefox\\firefox.exe" "--marionette" "--remote-debugging-port" "53793" "--remote-allow-hosts" "localhost" "-no-remote" "-profile" "C:\\Users\\ADMINI~1\\AppData\\Local\\Temp\\rust_mozprofilelz5FHt"
console.warn: services.settings: Ignoring preference override of remote settings server
console.warn: services.settings: Allow by setting MOZ_REMOTE_SETTINGS_DEVTOOLS=1 in the environment
Dynamically enable window occlusion 0
1733375227182	Marionette	INFO	Marionette enabled
1733375227411	Marionette	INFO	Listening on port 53800
WebDriver BiDi listening on ws://127.0.0.1:53793
Read port: 53800
1733375227679	RemoteAgent	WARN	TLS certificate errors will be ignored for this session
1733375235149	Marionette	WARN	Ignoring event 'DOMContentLoad1733375235820	mozrunner::runner	INFO	Running command: "C:\\Program Files\\Mozilla Firefox\\firefox.exe" "--marionette" "--remote-debugging-port" "53844" "--remote-allow-hosts" "localhosJavaScript warning: https://dqpnq362acqdi.cloudfront.net/_next/static/chunks/framework-a3e0a528d633d461.js, line 33: Script terminated by timeout at:
9670/t.unstable_now@https://dqpnq362acqdi.cloudfront.net/_next/static/chunks/framework-a3e0a528d633d461.js:33:628
R@https://dqpnq362acqdi.cloudfront.net/_next/static/chunks/framework-a3e0a528d633d461.js:33:1860

1733375253742	Marionette	INFO	Stopped listening on port 53800
Dynamically enable window occlusion 1
.1:53844
Read port: 53856
1733375236761	RemoteAgent	WARN	TLS certificate errors will be ignored for this session
1733375245387	Marionette	WARN	Ignoring event 'DOMContentLoaded' because document has an invalid readyState of 'loading'.
1733375245398	Marionette	WARN	Ignoring event 'DOMContentLoaded' because document has an invalid readyState of 'complete'.
JavaScript warning: https://dqpnq362acqdi.cloudfront.net/_next/static/chunks/framework-a3e0a528d633d461.js, line 25: Script terminated by timeout at:
i@https://dqpnq362acqdi.cloudfront.net/_next/static/chunks/framework-a3e0a528d633d461.js:25:118304
uI@https://dqpnq362acqdi.cloudfront.net/_next/static/chunks/framework-a3e0a528d633d461.js:25:99021
52967/uM/<@https://dqpnq362acqdi.cloudfront.net/_next/static/chunks/framework-a3e0a528d633d461.js:25:98889
uM@https://dqpnq362acqdi.cloudfront.net/_next/static/chunks/framework-a3e0a528d633d461.js:25:98894
uS@https://dqpnq362acqdi.cloudfront.net/_next/static/chunks/framework-a3e0a528d633d461.js:25:93933
x@https://dqpnq362acqdi.cloudfront.net/_next/static/chunks/framework-a3e0a528d633d461.js:33:1365
R@https://dqpnq362acqdi.cloudfront.net/_next/static/chunks/framework-a3e0a528d633d461.js:33:1894

1733375251991	Marionette	INFO	Stopped listening on port 53856
Dynamically enable window occlusion 1
1733375413637	geckodriver	INFO	Listening on 127.0.0.1:53993
1733375416718	mozrunner::runner	INFO	Running command: "C:\\Program Files\\Mozilla Firefox\\firefox.exe" "--marionette" "--remote-debugging-port" "53994" "--remote-allow-hosts" "localhost" "-no-remote" "-profile" "C:\\Users\\ADMINI~1\\AppData\\Local\\Temp\\rust_mozprofileuqBCgI"
console.warn: services.settings: Ignoring preference override of remote settings server
console.warn: services.settings: Allow by setting MOZ_REMOTE_SETTINGS_DEVTOOLS=1 in the environment
Dynamically enable window occlusion 0
1733375417212	Marionette	INFO	Marionette enabled
1733375417409	Marionette	INFO	Listening on port 54003
WebDriver BiDi listening on ws://127.0.0.1:53994
Read port: 54003
1733375417594	RemoteAgent	WARN	TLS certificate errors will be ignored for this session
1733375424796	Marionette	WARN	Ignoring event 'DOMContentLoaded' because document has an invalid readyState of 'loading'.
1733375424797	Marionette	WARN	Ignoring event 'DOMContentLoaded' because document has an invalid readyState of 'loading'.
1733375424797	Marionette	WARN	Ignoring event 'DOMContentLoaded' because document has an invalid readyState of 'loading'.
1733375424799	Marionette	WARN	Ignoring event 'DOMContentLoaded' because document has an invalid readyState of 'complete'.
JavaScript warning: https://dqpnq362acqdi.cloudfront.net/_next/static/chunks/pages/_app-e4e7452285a73f57.js, line 250: Script terminated by timeout at:
26911/e/this.formatHTMLMessage/B<@https://dqpnq362acqdi.cloudfront.net/_next/static/chunks/pages/_app-e4e7452285a73f57.js:250:37138
26911/e/this.formatHTMLMessage@https://dqpnq362acqdi.cloudfront.net/_next/static/chunks/pages/_app-e4e7452285a73f57.js:250:38310
d@https://dqpnq362acqdi.cloudfront.net/_next/static/chunks/pages/_app-e4e7452285a73f57.js:258:3512
a@https://dqpnq362acqdi.cloudfront.net/_next/static/chunks/pages/_ap1733375453688	Marionette	INFO	Stopped listening on port 54054
JavaScript warning: https://dqpnq362acqdi.cloudfront.net/_next/static/chunks/framework-a3e0a528d633d461.js, line 49: Script terminated by timeout at:
C@https://dqpnq362acqdi.cloudfront.net/_next/static/chunks/framework-a3e0a528d633d461.js:49:1408
31520/t.ReactionCore@https://dqpnq362acqdi.cloudfront.net/_next/static/chunks/1361-2cfe9881ba94cba7.js:1:20422
ld@https://dqpnq362acqdi.cloudfront.net/_next/static/chunks/framework-a3e0a528d633d461.js:25:58402
od@https://dqpnq362acqdi.cloudfront.net/_next/static/chunks/framework-a3e0a528d633d461.js:25:72732
i@https://dqpnq362acqdi.cloudfront.net/_next/static/chunks/framework-a3e0a528d633d461.js:25:120264
uI@https://dqpnq362acqdi.cloudfront.net/_next/static/chunks/framework-a3e0a528d633d461.js:25:99021
52967/uM/<@https://dqpnq362acqdi.cloudfront.net/_next/static/chunks/framework-a3e0a528d633d461.js:25:98889
uM@https://dqpnq362acqdi.cloudfront.net/_next/static/chunks/framework-a3e0a528d633d461.js:25:98894
uS@https://dqpnq362acqdi.cloudfront.net/_next/static/chunks/framework-a3e0a528d633d461.js:25:93933
x@https://dqpnq362acqdi.cloudfront.net/_next/static/chunks/framework-a3e0a528d633d461.js:33:1365
R@https://dqpnq362acqdi.cloudfront.net/_next/static/chunks/framework-a3e0a528d633d461.js:33:1894

Dynamically enable window occlusion 1
console.warn: services.settings: main/query-stripping sync interrupted by shutdown
console.warn: services.settings: main/partitioning-exempt-urls sync interrupted by shutdown
console.warn: services.settings: main/search-config-overrides-v2 sync interrupted by shutdown
console.warn: services.settings: main/fingerprinting-protection-overrides sync interrupted by shutdown
console.warn: services.settings: main/top-sites sync interrupted by shutdown
console.warn: services.settings: main/translations-models sync interrupted by shutdown
console.warn: services.settings: main/search-config-v2 sync interrupted by shutdown
console.error: (new Error("IndexedDB: main/devtools-compatibility-browsers getLastModified() IndexedDB:  execute() The application is shutting down", "resource://services-settings/IDBHelpers.sys.mjs", 16))
1733376381229	geckodriver	INFO	Listening on 127.0.0.1:54429
1733376384289	mozrunner::runner	INFO	Running command: "C:\\Program Files\\Mozilla Firefox\\firefox.exe" "--marionette" "--remote-debugging-port" "54430" "--remote-allow-hosts" "localhost" "-no-remote" "-profile" "C:\\Users\\ADMINI~1\\AppData\\Local\\Temp\\rust_mozprofileInjvBZ"
console.warn: services.settings: Ignoring preference override of remote settings server
console.warn: services.settings: Allow by setting MOZ_REMOTE_SETTINGS_DEVTOOLS=1 in the environment
Dynamically enable window occlusion 0
1733376384738	Marionette	INFO	Marionette enabled
1733376384912	Marionette	INFO	Listening on port 54438
WebDriver BiDi listening on ws://127.0.0.1:54430
Read port: 54438
1733376385125	RemoteAgent	WARN	TLS certificate errors will be ignored for this session
1733376393212	Marionette	WARN	Ignoring event 'DOMContentLoaded' because document has an invalid readyState of 'loading'.
1733376393218	Marionette	WARN	Ignoring event 'DOMContentLoaded' because document has an invalid readyState of 'complete'.
JavaScript warning: https://dqpnq362acqdi.cloudfront.net/_next/static/chunks/71-4ff798f8cb860e02.js, line 34: Script terminated by timeout at:
r6@https://dqpnq362acqdi.cloudfront.net/_next/static/chunks/71-4ff798f8cb860e02.js:34:643
ld@https://dqpnq362acqdi.cloudfront.net/_next/static/chunks/framework-a3e0a528d633d461.js:25:58402
od@https://dqpnq362acqdi.cloudfront.net/_next/static/chunks/framework-a3e0a528d633d461.js:25:72732
i@https://dqpnq362acqdi.cloudfront.net/_next/static/chunks/framework-a3e0a528d633d461.js:25:120264
uI@https://dqpnq362acqdi.cloudfront.net/_next/st1733376399684	Marionette	WARN	Ignoring event 'DOMContentLoaded' because document has an invalid readyState of 'loading'.
1733376399684	Marionette	WARN	Ignoring event 'DOMContentLoaded' because document has an invalid readyState of 'loading'.
1733376399691	Marionette	WARN	Ignoring event 'DOMContentLoaded' because document has an invalid readyState of 'complete'.
Exiting due to channel error.
[GFX1-]: CompositorBridgeChild receives IPC close with reason=AbnormalShutdown
[GFX1-]: CompositorBridgeChild receives IPC close with reason=AbnormalShutdown
Exiting due to channel error.
[GFX1-]: CompositorBridgeChild receives IPC close with reason=AbnormalShutdown
[GFX1-]: CompositorBridgeChild receives IPC close with reason=AbnormalShutdown
Exiting due to channel error.
Exiting due to channel error.
1733377121297	geckodriver	INFO	Listening on 127.0.0.1:54727
1733377124380	mozrunner::runner	INFO	Running command: "C:\\Program Files\\Mozilla Firefox\\firefox.exe" "--marionette" "--remote-debugging-port" "54728" "--remote-allow-hosts" "localhost" "-no-remote" "-profile" "C:\\Users\\ADMINI~1\\AppData\\Local\\Temp\\rust_mozprofileqGmp2U"
console.warn: services.settings: Ignoring preference override of remote settings server
console.warn: services.settings: Allow by setting MOZ_REMOTE_SETTINGS_DEVTOOLS=1 in the environment
Dynamically enable window occlusion 0
1733377124858	Marionette	INFO	Marionette enabled
1733377125037	Marionette	INFO	Listening on port 54737
WebDriver BiDi listening on ws://127.0.0.1:54728
Read port: 54737
1733377125260	RemoteAgent	WARN	TLS certificate errors will be ignored for this session
1733377132740	Marionette	WARN	Ignoring event 'DOMContentLoaded' because document has an invalid readyState of 'loading'.
1733377132740	Marionette	WARN	Ignoring event 'DOMContentLoaded' because document has an invalid readyState of 'loading'.
1733377132740	Marionette	WARN	Ignoring event 'DOMContentLoaded' because document has an invalid readyState of 'loading'.
1733377132742	Marionette	WARN	Ignoring event 'DOMContentLoaded' because document has an invalid readyState of 'complete'.
Exiting due to channel error.
[GFX1-]: Compositor[GFX1-]: CompositorBridgeChildBridg receives IPC close with reason=eChild receives IPC close with reason=AbnormalShutAbnormalShutdown
down
Exiting due to channel error.
Exiting due to channel error.
1733377520864	geckodriver	INFO	Listening on 127.0.0.1:54944
1733377523934	mozrunner::runner	INFO	Running command: "C:\\Program Files\\Mozilla Firefox\\firefox.exe" "--marionette" "--remote-debugging-port" "54945" "--remote-allow-hosts" "localhost" "-no-remote" "-profile" "C:\\Users\\ADMINI~1\\AppData\\Local\\Temp\\rust_mozprofileoJFafT"
console.warn: services.settings: Ignoring preference override of remote settings server
console.warn: services.settings: Allow by setting MOZ_REMOTE_SETTINGS_DEVTOOLS=1 in the environment
Dynamically enable window occlusion 0
1733377524358	Marionette	INFO	Marionette enabled
1733377524543	Marionette	INFO	Listening on port 54956
WebDriver BiDi listening on ws://127.0.0.1:54945
Read port: 54956
1733377524743	RemoteAgent	WARN	TLS certificate errors will be ignored for this session
1733377532294	Marionette	WARN	Ignoring event 'DOMContentLoaded' because document has an invalid readyState of 'loading'.
1733377532294	Marionette	WARN	Ignoring event 'DOMContentLoaded' because document has an invalid readyState of 'loading'.
1733377532299	Marionette	WARN	Ignoring event 'DOMContentLoaded' because document has an invalid readyState of 'loading'.
1733377532301	Marionette	WARN	Ignoring event 'DOMContentLoaded' because document has an invalid readyState of 'complete'.
1733377556040	Marionette	INFO	Stopped listening on port 54956
JavaScript warning: https://dqpnq362acqdi.cloudfront.net/_next/static/chunks/framework-a3e0a528d633d461.js, line 25: Script terminated by timeout at:
a1@https://dqpnq362acqdi.cloudfront.net/_next/static/chunks/framework-a3e0a528d633d461.js:25:57003
o@https://dqpnq362acqdi.cloudfront.net/_next/static/chunks/framework-a3e0a528d633d461.js:25:82073
52967/uD/n<@https://dqpnq362acqdi.cloudfront.net/_next/static/chunks/framework-a3e0a528d633d461.js:25:99761
uD@https://dqpnq362acqdi.cloudfront.net/_next/static/chunks/framework-a3e0a528d633d461.js:25:106132
uI@https://dqpnq362acqdi.cloudfront.net/_next/static/chunks/framework-a3e0a528d633d461.js:25:99080
52967/uM/<@https://dqpnq362acqdi.cloudfront.net/_next/static/chunks/framework-a3e0a528d633d461.js:25:98889
uM@https://dqpnq362acqdi.cloudfront.net/_next/static/chunks/framework-a3e0a528d633d461.js:25:98894
uS@https://dqpnq362acqdi.cloudfront.net/_next/static/chunks/framework-a3e0a528d633d461.js:25:93933
x@https://dqpnq362acqdi.cloudfront.net/_next/static/chunks/framework-a3e0a528d633d461.js:33:1365
R@https://dqpnq362acqdi.cloudfront.net/_next/static/chunks/framework-a3e0a528d633d461.js:33:1894

Dynamically enable window occlusion 1
console.warn: services.settings: security-state/cert-revocations sync interrupted by shutdown
console.warn: services.settings: security-state/onecrl sync interrupted by shutdown
console.warn: services.settings: security-state/intermediates sync interrupted by shutdown
console.warn: services.settings: security-state/intermediates: Unable to retrieve remote-settings attachment bundle. {}
1733400621974	geckodriver	INFO	Listening on 127.0.0.1:57705
1733400625042	mozrunner::runner	INFO	Running command: "C:\\Program Files\\Mozilla Firefox\\firefox.exe" "--marionette" "--remote-debugging-port" "57706" "--remote-allow-hosts" "localhost" "-no-remote" "-profile" "C:\\Users\\ADMINI~1\\AppData\\Local\\Temp\\rust_mozprofileZfH1ka"
console.warn: services.settings: Ignoring preference override of remote settings server
console.warn: services.settings: Allow by setting MOZ_REMOTE_SETTINGS_DEVTOOLS=1 in the environment
Dynamically enable window occlusion 0
1733400626072	Marionette	INFO	Marionette enabled
1733400626317	Marionette	INFO	Listening on port 57713
WebDriver BiDi listening on ws://127.0.0.1:57706
Read port: 57713
1733400626526	RemoteAgent	WARN	TLS certificate errors will be ignored for this session
1733400635333	Marionette	WARN	Ignoring event 'DOMContentLoaded' because document has an invalid readyState of 'loading'.
1733400635334	Marionette	WARN	Ignoring event 'DOMContentLoaded' because document has an invalid readyState of 'loading'.
1733400635334	Marionette	WARN	Ignoring event 'DOMContentLoaded' because document has an invalid readyState of 'loading'.
1733400659223	Marionette	INFO	Stopped listening on port 57713
Dynamically enable window occlusion 1
